<?xml version="1.0" encoding="UTF-8"?>
<testsuite xmlns:xsi="http://www.w3.org/2001/XMLSchema-instance" xsi:noNamespaceSchemaLocation="https://maven.apache.org/surefire/maven-surefire-plugin/xsd/surefire-test-report.xsd" name="calendar.ApptTest" time="0.001" tests="6" errors="1" skipped="0" failures="0">
  <properties>
    <property name="awt.toolkit" value="sun.awt.X11.XToolkit"/>
    <property name="file.encoding.pkg" value="sun.io"/>
    <property name="java.specification.version" value="1.8"/>
    <property name="sun.cpu.isalist" value=""/>
    <property name="sun.jnu.encoding" value="UTF-8"/>
    <property name="java.class.path" value="/nfs/stak/users/merrills/CS362-001-W2018/projects/merrills/assignment-5/clarkj3/Calendar/target/test-classes:/nfs/stak/users/merrills/CS362-001-W2018/projects/merrills/assignment-5/clarkj3/Calendar/target/classes:/nfs/stak/users/merrills/.m2/repository/junit/junit/4.12/junit-4.12.jar:/nfs/stak/users/merrills/.m2/repository/org/hamcrest/hamcrest-core/1.3/hamcrest-core-1.3.jar:/nfs/stak/users/merrills/.m2/repository/net/sourceforge/cobertura/cobertura/2.1.1/cobertura-2.1.1.jar:/nfs/stak/users/merrills/.m2/repository/org/ow2/asm/asm/5.0.1/asm-5.0.1.jar:/nfs/stak/users/merrills/.m2/repository/org/ow2/asm/asm-tree/5.0.1/asm-tree-5.0.1.jar:/nfs/stak/users/merrills/.m2/repository/org/ow2/asm/asm-commons/5.0.1/asm-commons-5.0.1.jar:/nfs/stak/users/merrills/.m2/repository/org/ow2/asm/asm-util/5.0.1/asm-util-5.0.1.jar:/nfs/stak/users/merrills/.m2/repository/org/ow2/asm/asm-analysis/5.0.1/asm-analysis-5.0.1.jar:/nfs/stak/users/merrills/.m2/repository/oro/oro/2.0.8/oro-2.0.8.jar:/nfs/stak/users/merrills/.m2/repository/jaxen/jaxen/1.1.4/jaxen-1.1.4.jar:/nfs/stak/users/merrills/.m2/repository/org/apache/ant/ant/1.8.3/ant-1.8.3.jar:/nfs/stak/users/merrills/.m2/repository/org/apache/ant/ant-launcher/1.8.3/ant-launcher-1.8.3.jar:/nfs/stak/users/merrills/.m2/repository/org/apache/ant/ant-junit/1.8.3/ant-junit-1.8.3.jar:/nfs/stak/users/merrills/.m2/repository/org/mortbay/jetty/servlet-api-2.5/6.1.14/servlet-api-2.5-6.1.14.jar:/nfs/stak/users/merrills/.m2/repository/org/mortbay/jetty/jetty/6.1.14/jetty-6.1.14.jar:/nfs/stak/users/merrills/.m2/repository/org/mortbay/jetty/jetty-util/6.1.14/jetty-util-6.1.14.jar:/usr/lib/jvm/java-1.8.0-openjdk-1.8.0.161-0.b14.el7_4.x86_64/jre/../lib/tools.jar:/nfs/stak/users/merrills/.m2/repository/org/slf4j/slf4j-api/1.7.5/slf4j-api-1.7.5.jar:/nfs/stak/users/merrills/.m2/repository/ch/qos/logback/logback-classic/1.0.13/logback-classic-1.0.13.jar:/nfs/stak/users/merrills/.m2/repository/ch/qos/logback/logback-core/1.0.13/logback-core-1.0.13.jar:/nfs/stak/users/merrills/.m2/repository/org/apache/commons/commons-lang3/3.3.2/commons-lang3-3.3.2.jar:/nfs/stak/users/merrills/.m2/repository/org/codehaus/mojo/findbugs-maven-plugin/3.0.4/findbugs-maven-plugin-3.0.4.jar:/nfs/stak/users/merrills/.m2/repository/com/google/code/findbugs/findbugs/3.0.1/findbugs-3.0.1.jar:/nfs/stak/users/merrills/.m2/repository/net/jcip/jcip-annotations/1.0/jcip-annotations-1.0.jar:/nfs/stak/users/merrills/.m2/repository/com/google/code/findbugs/jsr305/2.0.1/jsr305-2.0.1.jar:/nfs/stak/users/merrills/.m2/repository/com/google/code/findbugs/bcel-findbugs/6.0/bcel-findbugs-6.0.jar:/nfs/stak/users/merrills/.m2/repository/com/google/code/findbugs/jFormatString/2.0.1/jFormatString-2.0.1.jar:/nfs/stak/users/merrills/.m2/repository/dom4j/dom4j/1.6.1/dom4j-1.6.1.jar:/nfs/stak/users/merrills/.m2/repository/xml-apis/xml-apis/1.0.b2/xml-apis-1.0.b2.jar:/nfs/stak/users/merrills/.m2/repository/org/ow2/asm/asm-debug-all/5.0.2/asm-debug-all-5.0.2.jar:/nfs/stak/users/merrills/.m2/repository/commons-lang/commons-lang/2.6/commons-lang-2.6.jar:/nfs/stak/users/merrills/.m2/repository/com/apple/AppleJavaExtensions/1.4/AppleJavaExtensions-1.4.jar:/nfs/stak/users/merrills/.m2/repository/org/codehaus/groovy/groovy/2.4.7/groovy-2.4.7.jar:/nfs/stak/users/merrills/.m2/repository/org/codehaus/groovy/groovy-ant/2.4.7/groovy-ant-2.4.7.jar:/nfs/stak/users/merrills/.m2/repository/org/apache/ant/ant-antlr/1.9.4/ant-antlr-1.9.4.jar:/nfs/stak/users/merrills/.m2/repository/org/codehaus/groovy/groovy-groovydoc/2.4.7/groovy-groovydoc-2.4.7.jar:/nfs/stak/users/merrills/.m2/repository/org/codehaus/groovy/groovy-templates/2.4.7/groovy-templates-2.4.7.jar:/nfs/stak/users/merrills/.m2/repository/org/codehaus/groovy/groovy-xml/2.4.7/groovy-xml-2.4.7.jar:/nfs/stak/users/merrills/.m2/repository/org/apache/maven/reporting/maven-reporting-impl/2.1/maven-reporting-impl-2.1.jar:/nfs/stak/users/merrills/.m2/repository/org/apache/maven/maven-project/2.0.10/maven-project-2.0.10.jar:/nfs/stak/users/merrills/.m2/repository/org/apache/maven/maven-settings/2.0.10/maven-settings-2.0.10.jar:/nfs/stak/users/merrills/.m2/repository/org/apache/maven/maven-profile/2.0.10/maven-profile-2.0.10.jar:/nfs/stak/users/merrills/.m2/repository/org/apache/maven/maven-plugin-registry/2.0.10/maven-plugin-registry-2.0.10.jar:/nfs/stak/users/merrills/.m2/repository/org/codehaus/plexus/plexus-interpolation/1.1/plexus-interpolation-1.1.jar:/nfs/stak/users/merrills/.m2/repository/commons-validator/commons-validator/1.2.0/commons-validator-1.2.0.jar:/nfs/stak/users/merrills/.m2/repository/commons-beanutils/commons-beanutils/1.7.0/commons-beanutils-1.7.0.jar:/nfs/stak/users/merrills/.m2/repository/commons-digester/commons-digester/1.6/commons-digester-1.6.jar:/nfs/stak/users/merrills/.m2/repository/commons-logging/commons-logging/1.0.4/commons-logging-1.0.4.jar:/nfs/stak/users/merrills/.m2/repository/org/apache/maven/reporting/maven-reporting-api/3.0/maven-reporting-api-3.0.jar:/nfs/stak/users/merrills/.m2/repository/org/apache/maven/maven-plugin-api/2.0/maven-plugin-api-2.0.jar:/nfs/stak/users/merrills/.m2/repository/org/apache/maven/maven-plugin-descriptor/2.2.1/maven-plugin-descriptor-2.2.1.jar:/nfs/stak/users/merrills/.m2/repository/org/apache/maven/maven-artifact/2.2.1/maven-artifact-2.2.1.jar:/nfs/stak/users/merrills/.m2/repository/org/apache/maven/doxia/doxia-core/1.4/doxia-core-1.4.jar:/nfs/stak/users/merrills/.m2/repository/org/apache/maven/doxia/doxia-logging-api/1.4/doxia-logging-api-1.4.jar:/nfs/stak/users/merrills/.m2/repository/org/codehaus/plexus/plexus-component-annotations/1.5.5/plexus-component-annotations-1.5.5.jar:/nfs/stak/users/merrills/.m2/repository/xerces/xercesImpl/2.9.1/xercesImpl-2.9.1.jar:/nfs/stak/users/merrills/.m2/repository/org/apache/httpcomponents/httpclient/4.0.2/httpclient-4.0.2.jar:/nfs/stak/users/merrills/.m2/repository/commons-codec/commons-codec/1.3/commons-codec-1.3.jar:/nfs/stak/users/merrills/.m2/repository/org/apache/httpcomponents/httpcore/4.0.1/httpcore-4.0.1.jar:/nfs/stak/users/merrills/.m2/repository/org/apache/maven/doxia/doxia-sink-api/1.4/doxia-sink-api-1.4.jar:/nfs/stak/users/merrills/.m2/repository/org/apache/maven/doxia/doxia-decoration-model/1.4/doxia-decoration-model-1.4.jar:/nfs/stak/users/merrills/.m2/repository/org/apache/maven/doxia/doxia-site-renderer/1.4/doxia-site-renderer-1.4.jar:/nfs/stak/users/merrills/.m2/repository/org/apache/maven/doxia/doxia-module-xhtml/1.4/doxia-module-xhtml-1.4.jar:/nfs/stak/users/merrills/.m2/repository/org/apache/maven/doxia/doxia-module-fml/1.4/doxia-module-fml-1.4.jar:/nfs/stak/users/merrills/.m2/repository/org/codehaus/plexus/plexus-i18n/1.0-beta-7/plexus-i18n-1.0-beta-7.jar:/nfs/stak/users/merrills/.m2/repository/org/codehaus/plexus/plexus-velocity/1.1.7/plexus-velocity-1.1.7.jar:/nfs/stak/users/merrills/.m2/repository/org/apache/velocity/velocity/1.5/velocity-1.5.jar:/nfs/stak/users/merrills/.m2/repository/org/apache/velocity/velocity-tools/2.0/velocity-tools-2.0.jar:/nfs/stak/users/merrills/.m2/repository/commons-chain/commons-chain/1.1/commons-chain-1.1.jar:/nfs/stak/users/merrills/.m2/repository/sslext/sslext/1.2-0/sslext-1.2-0.jar:/nfs/stak/users/merrills/.m2/repository/org/apache/struts/struts-core/1.3.8/struts-core-1.3.8.jar:/nfs/stak/users/merrills/.m2/repository/antlr/antlr/2.7.2/antlr-2.7.2.jar:/nfs/stak/users/merrills/.m2/repository/org/apache/struts/struts-taglib/1.3.8/struts-taglib-1.3.8.jar:/nfs/stak/users/merrills/.m2/repository/org/apache/struts/struts-tiles/1.3.8/struts-tiles-1.3.8.jar:/nfs/stak/users/merrills/.m2/repository/commons-collections/commons-collections/3.2.1/commons-collections-3.2.1.jar:/nfs/stak/users/merrills/.m2/repository/org/apache/maven/shared/maven-doxia-tools/1.2.1/maven-doxia-tools-1.2.1.jar:/nfs/stak/users/merrills/.m2/repository/commons-io/commons-io/1.4/commons-io-1.4.jar:/nfs/stak/users/merrills/.m2/repository/org/apache/maven/maven-artifact-manager/2.0.6/maven-artifact-manager-2.0.6.jar:/nfs/stak/users/merrills/.m2/repository/org/apache/maven/maven-repository-metadata/2.0.6/maven-repository-metadata-2.0.6.jar:/nfs/stak/users/merrills/.m2/repository/org/apache/maven/wagon/wagon-provider-api/1.0-beta-2/wagon-provider-api-1.0-beta-2.jar:/nfs/stak/users/merrills/.m2/repository/org/apache/maven/maven-model/2.0.6/maven-model-2.0.6.jar:/nfs/stak/users/merrills/.m2/repository/org/codehaus/plexus/plexus-container-default/1.0-alpha-9/plexus-container-default-1.0-alpha-9.jar:/nfs/stak/users/merrills/.m2/repository/classworlds/classworlds/1.1-alpha-2/classworlds-1.1-alpha-2.jar:/nfs/stak/users/merrills/.m2/repository/org/codehaus/plexus/plexus-resources/1.0-alpha-7/plexus-resources-1.0-alpha-7.jar:/nfs/stak/users/merrills/.m2/repository/org/codehaus/plexus/plexus-utils/1.5.6/plexus-utils-1.5.6.jar:/nfs/stak/users/merrills/.m2/repository/org/sonatype/plexus/plexus-build-api/0.0.7/plexus-build-api-0.0.7.jar:"/>
    <property name="java.vm.vendor" value="Oracle Corporation"/>
    <property name="sun.arch.data.model" value="64"/>
    <property name="java.vendor.url" value="http://java.oracle.com/"/>
    <property name="user.timezone" value=""/>
    <property name="java.vm.specification.version" value="1.8"/>
    <property name="os.name" value="Linux"/>
    <property name="user.country" value="US"/>
    <property name="sun.java.launcher" value="SUN_STANDARD"/>
    <property name="sun.boot.library.path" value="/usr/lib/jvm/java-1.8.0-openjdk-1.8.0.161-0.b14.el7_4.x86_64/jre/lib/amd64"/>
    <property name="sun.java.command" value="/nfs/stak/users/merrills/CS362-001-W2018/projects/merrills/assignment-5/clarkj3/Calendar/target/surefire/surefirebooter1725089697684690946.jar /nfs/stak/users/merrills/CS362-001-W2018/projects/merrills/assignment-5/clarkj3/Calendar/target/surefire 2018-03-08T21-07-24_189-jvmRun1 surefire1963323538763040666tmp surefire_01717949808170328880tmp"/>
    <property name="surefire.test.class.path" value="/nfs/stak/users/merrills/CS362-001-W2018/projects/merrills/assignment-5/clarkj3/Calendar/target/test-classes:/nfs/stak/users/merrills/CS362-001-W2018/projects/merrills/assignment-5/clarkj3/Calendar/target/classes:/nfs/stak/users/merrills/.m2/repository/junit/junit/4.12/junit-4.12.jar:/nfs/stak/users/merrills/.m2/repository/org/hamcrest/hamcrest-core/1.3/hamcrest-core-1.3.jar:/nfs/stak/users/merrills/.m2/repository/net/sourceforge/cobertura/cobertura/2.1.1/cobertura-2.1.1.jar:/nfs/stak/users/merrills/.m2/repository/org/ow2/asm/asm/5.0.1/asm-5.0.1.jar:/nfs/stak/users/merrills/.m2/repository/org/ow2/asm/asm-tree/5.0.1/asm-tree-5.0.1.jar:/nfs/stak/users/merrills/.m2/repository/org/ow2/asm/asm-commons/5.0.1/asm-commons-5.0.1.jar:/nfs/stak/users/merrills/.m2/repository/org/ow2/asm/asm-util/5.0.1/asm-util-5.0.1.jar:/nfs/stak/users/merrills/.m2/repository/org/ow2/asm/asm-analysis/5.0.1/asm-analysis-5.0.1.jar:/nfs/stak/users/merrills/.m2/repository/oro/oro/2.0.8/oro-2.0.8.jar:/nfs/stak/users/merrills/.m2/repository/jaxen/jaxen/1.1.4/jaxen-1.1.4.jar:/nfs/stak/users/merrills/.m2/repository/org/apache/ant/ant/1.8.3/ant-1.8.3.jar:/nfs/stak/users/merrills/.m2/repository/org/apache/ant/ant-launcher/1.8.3/ant-launcher-1.8.3.jar:/nfs/stak/users/merrills/.m2/repository/org/apache/ant/ant-junit/1.8.3/ant-junit-1.8.3.jar:/nfs/stak/users/merrills/.m2/repository/org/mortbay/jetty/servlet-api-2.5/6.1.14/servlet-api-2.5-6.1.14.jar:/nfs/stak/users/merrills/.m2/repository/org/mortbay/jetty/jetty/6.1.14/jetty-6.1.14.jar:/nfs/stak/users/merrills/.m2/repository/org/mortbay/jetty/jetty-util/6.1.14/jetty-util-6.1.14.jar:/usr/lib/jvm/java-1.8.0-openjdk-1.8.0.161-0.b14.el7_4.x86_64/jre/../lib/tools.jar:/nfs/stak/users/merrills/.m2/repository/org/slf4j/slf4j-api/1.7.5/slf4j-api-1.7.5.jar:/nfs/stak/users/merrills/.m2/repository/ch/qos/logback/logback-classic/1.0.13/logback-classic-1.0.13.jar:/nfs/stak/users/merrills/.m2/repository/ch/qos/logback/logback-core/1.0.13/logback-core-1.0.13.jar:/nfs/stak/users/merrills/.m2/repository/org/apache/commons/commons-lang3/3.3.2/commons-lang3-3.3.2.jar:/nfs/stak/users/merrills/.m2/repository/org/codehaus/mojo/findbugs-maven-plugin/3.0.4/findbugs-maven-plugin-3.0.4.jar:/nfs/stak/users/merrills/.m2/repository/com/google/code/findbugs/findbugs/3.0.1/findbugs-3.0.1.jar:/nfs/stak/users/merrills/.m2/repository/net/jcip/jcip-annotations/1.0/jcip-annotations-1.0.jar:/nfs/stak/users/merrills/.m2/repository/com/google/code/findbugs/jsr305/2.0.1/jsr305-2.0.1.jar:/nfs/stak/users/merrills/.m2/repository/com/google/code/findbugs/bcel-findbugs/6.0/bcel-findbugs-6.0.jar:/nfs/stak/users/merrills/.m2/repository/com/google/code/findbugs/jFormatString/2.0.1/jFormatString-2.0.1.jar:/nfs/stak/users/merrills/.m2/repository/dom4j/dom4j/1.6.1/dom4j-1.6.1.jar:/nfs/stak/users/merrills/.m2/repository/xml-apis/xml-apis/1.0.b2/xml-apis-1.0.b2.jar:/nfs/stak/users/merrills/.m2/repository/org/ow2/asm/asm-debug-all/5.0.2/asm-debug-all-5.0.2.jar:/nfs/stak/users/merrills/.m2/repository/commons-lang/commons-lang/2.6/commons-lang-2.6.jar:/nfs/stak/users/merrills/.m2/repository/com/apple/AppleJavaExtensions/1.4/AppleJavaExtensions-1.4.jar:/nfs/stak/users/merrills/.m2/repository/org/codehaus/groovy/groovy/2.4.7/groovy-2.4.7.jar:/nfs/stak/users/merrills/.m2/repository/org/codehaus/groovy/groovy-ant/2.4.7/groovy-ant-2.4.7.jar:/nfs/stak/users/merrills/.m2/repository/org/apache/ant/ant-antlr/1.9.4/ant-antlr-1.9.4.jar:/nfs/stak/users/merrills/.m2/repository/org/codehaus/groovy/groovy-groovydoc/2.4.7/groovy-groovydoc-2.4.7.jar:/nfs/stak/users/merrills/.m2/repository/org/codehaus/groovy/groovy-templates/2.4.7/groovy-templates-2.4.7.jar:/nfs/stak/users/merrills/.m2/repository/org/codehaus/groovy/groovy-xml/2.4.7/groovy-xml-2.4.7.jar:/nfs/stak/users/merrills/.m2/repository/org/apache/maven/reporting/maven-reporting-impl/2.1/maven-reporting-impl-2.1.jar:/nfs/stak/users/merrills/.m2/repository/org/apache/maven/maven-project/2.0.10/maven-project-2.0.10.jar:/nfs/stak/users/merrills/.m2/repository/org/apache/maven/maven-settings/2.0.10/maven-settings-2.0.10.jar:/nfs/stak/users/merrills/.m2/repository/org/apache/maven/maven-profile/2.0.10/maven-profile-2.0.10.jar:/nfs/stak/users/merrills/.m2/repository/org/apache/maven/maven-plugin-registry/2.0.10/maven-plugin-registry-2.0.10.jar:/nfs/stak/users/merrills/.m2/repository/org/codehaus/plexus/plexus-interpolation/1.1/plexus-interpolation-1.1.jar:/nfs/stak/users/merrills/.m2/repository/commons-validator/commons-validator/1.2.0/commons-validator-1.2.0.jar:/nfs/stak/users/merrills/.m2/repository/commons-beanutils/commons-beanutils/1.7.0/commons-beanutils-1.7.0.jar:/nfs/stak/users/merrills/.m2/repository/commons-digester/commons-digester/1.6/commons-digester-1.6.jar:/nfs/stak/users/merrills/.m2/repository/commons-logging/commons-logging/1.0.4/commons-logging-1.0.4.jar:/nfs/stak/users/merrills/.m2/repository/org/apache/maven/reporting/maven-reporting-api/3.0/maven-reporting-api-3.0.jar:/nfs/stak/users/merrills/.m2/repository/org/apache/maven/maven-plugin-api/2.0/maven-plugin-api-2.0.jar:/nfs/stak/users/merrills/.m2/repository/org/apache/maven/maven-plugin-descriptor/2.2.1/maven-plugin-descriptor-2.2.1.jar:/nfs/stak/users/merrills/.m2/repository/org/apache/maven/maven-artifact/2.2.1/maven-artifact-2.2.1.jar:/nfs/stak/users/merrills/.m2/repository/org/apache/maven/doxia/doxia-core/1.4/doxia-core-1.4.jar:/nfs/stak/users/merrills/.m2/repository/org/apache/maven/doxia/doxia-logging-api/1.4/doxia-logging-api-1.4.jar:/nfs/stak/users/merrills/.m2/repository/org/codehaus/plexus/plexus-component-annotations/1.5.5/plexus-component-annotations-1.5.5.jar:/nfs/stak/users/merrills/.m2/repository/xerces/xercesImpl/2.9.1/xercesImpl-2.9.1.jar:/nfs/stak/users/merrills/.m2/repository/org/apache/httpcomponents/httpclient/4.0.2/httpclient-4.0.2.jar:/nfs/stak/users/merrills/.m2/repository/commons-codec/commons-codec/1.3/commons-codec-1.3.jar:/nfs/stak/users/merrills/.m2/repository/org/apache/httpcomponents/httpcore/4.0.1/httpcore-4.0.1.jar:/nfs/stak/users/merrills/.m2/repository/org/apache/maven/doxia/doxia-sink-api/1.4/doxia-sink-api-1.4.jar:/nfs/stak/users/merrills/.m2/repository/org/apache/maven/doxia/doxia-decoration-model/1.4/doxia-decoration-model-1.4.jar:/nfs/stak/users/merrills/.m2/repository/org/apache/maven/doxia/doxia-site-renderer/1.4/doxia-site-renderer-1.4.jar:/nfs/stak/users/merrills/.m2/repository/org/apache/maven/doxia/doxia-module-xhtml/1.4/doxia-module-xhtml-1.4.jar:/nfs/stak/users/merrills/.m2/repository/org/apache/maven/doxia/doxia-module-fml/1.4/doxia-module-fml-1.4.jar:/nfs/stak/users/merrills/.m2/repository/org/codehaus/plexus/plexus-i18n/1.0-beta-7/plexus-i18n-1.0-beta-7.jar:/nfs/stak/users/merrills/.m2/repository/org/codehaus/plexus/plexus-velocity/1.1.7/plexus-velocity-1.1.7.jar:/nfs/stak/users/merrills/.m2/repository/org/apache/velocity/velocity/1.5/velocity-1.5.jar:/nfs/stak/users/merrills/.m2/repository/org/apache/velocity/velocity-tools/2.0/velocity-tools-2.0.jar:/nfs/stak/users/merrills/.m2/repository/commons-chain/commons-chain/1.1/commons-chain-1.1.jar:/nfs/stak/users/merrills/.m2/repository/sslext/sslext/1.2-0/sslext-1.2-0.jar:/nfs/stak/users/merrills/.m2/repository/org/apache/struts/struts-core/1.3.8/struts-core-1.3.8.jar:/nfs/stak/users/merrills/.m2/repository/antlr/antlr/2.7.2/antlr-2.7.2.jar:/nfs/stak/users/merrills/.m2/repository/org/apache/struts/struts-taglib/1.3.8/struts-taglib-1.3.8.jar:/nfs/stak/users/merrills/.m2/repository/org/apache/struts/struts-tiles/1.3.8/struts-tiles-1.3.8.jar:/nfs/stak/users/merrills/.m2/repository/commons-collections/commons-collections/3.2.1/commons-collections-3.2.1.jar:/nfs/stak/users/merrills/.m2/repository/org/apache/maven/shared/maven-doxia-tools/1.2.1/maven-doxia-tools-1.2.1.jar:/nfs/stak/users/merrills/.m2/repository/commons-io/commons-io/1.4/commons-io-1.4.jar:/nfs/stak/users/merrills/.m2/repository/org/apache/maven/maven-artifact-manager/2.0.6/maven-artifact-manager-2.0.6.jar:/nfs/stak/users/merrills/.m2/repository/org/apache/maven/maven-repository-metadata/2.0.6/maven-repository-metadata-2.0.6.jar:/nfs/stak/users/merrills/.m2/repository/org/apache/maven/wagon/wagon-provider-api/1.0-beta-2/wagon-provider-api-1.0-beta-2.jar:/nfs/stak/users/merrills/.m2/repository/org/apache/maven/maven-model/2.0.6/maven-model-2.0.6.jar:/nfs/stak/users/merrills/.m2/repository/org/codehaus/plexus/plexus-container-default/1.0-alpha-9/plexus-container-default-1.0-alpha-9.jar:/nfs/stak/users/merrills/.m2/repository/classworlds/classworlds/1.1-alpha-2/classworlds-1.1-alpha-2.jar:/nfs/stak/users/merrills/.m2/repository/org/codehaus/plexus/plexus-resources/1.0-alpha-7/plexus-resources-1.0-alpha-7.jar:/nfs/stak/users/merrills/.m2/repository/org/codehaus/plexus/plexus-utils/1.5.6/plexus-utils-1.5.6.jar:/nfs/stak/users/merrills/.m2/repository/org/sonatype/plexus/plexus-build-api/0.0.7/plexus-build-api-0.0.7.jar:"/>
    <property name="sun.cpu.endian" value="little"/>
    <property name="user.home" value="/nfs/stak/users/merrills"/>
    <property name="user.language" value="en"/>
    <property name="java.specification.vendor" value="Oracle Corporation"/>
    <property name="java.home" value="/usr/lib/jvm/java-1.8.0-openjdk-1.8.0.161-0.b14.el7_4.x86_64/jre"/>
    <property name="basedir" value="/nfs/stak/users/merrills/CS362-001-W2018/projects/merrills/assignment-5/clarkj3/Calendar"/>
    <property name="file.separator" value="/"/>
    <property name="line.separator" value="&#10;"/>
    <property name="java.vm.specification.vendor" value="Oracle Corporation"/>
    <property name="java.specification.name" value="Java Platform API Specification"/>
    <property name="java.awt.graphicsenv" value="sun.awt.X11GraphicsEnvironment"/>
    <property name="surefire.real.class.path" value="/nfs/stak/users/merrills/CS362-001-W2018/projects/merrills/assignment-5/clarkj3/Calendar/target/surefire/surefirebooter1725089697684690946.jar"/>
    <property name="sun.boot.class.path" value="/usr/lib/jvm/java-1.8.0-openjdk-1.8.0.161-0.b14.el7_4.x86_64/jre/lib/resources.jar:/usr/lib/jvm/java-1.8.0-openjdk-1.8.0.161-0.b14.el7_4.x86_64/jre/lib/rt.jar:/usr/lib/jvm/java-1.8.0-openjdk-1.8.0.161-0.b14.el7_4.x86_64/jre/lib/sunrsasign.jar:/usr/lib/jvm/java-1.8.0-openjdk-1.8.0.161-0.b14.el7_4.x86_64/jre/lib/jsse.jar:/usr/lib/jvm/java-1.8.0-openjdk-1.8.0.161-0.b14.el7_4.x86_64/jre/lib/jce.jar:/usr/lib/jvm/java-1.8.0-openjdk-1.8.0.161-0.b14.el7_4.x86_64/jre/lib/charsets.jar:/usr/lib/jvm/java-1.8.0-openjdk-1.8.0.161-0.b14.el7_4.x86_64/jre/lib/jfr.jar:/usr/lib/jvm/java-1.8.0-openjdk-1.8.0.161-0.b14.el7_4.x86_64/jre/classes"/>
    <property name="sun.management.compiler" value="HotSpot 64-Bit Tiered Compilers"/>
    <property name="java.runtime.version" value="1.8.0_161-b14"/>
    <property name="user.name" value="merrills"/>
    <property name="path.separator" value=":"/>
    <property name="os.version" value="3.10.0-693.11.1.el7.x86_64"/>
    <property name="java.endorsed.dirs" value="/usr/lib/jvm/java-1.8.0-openjdk-1.8.0.161-0.b14.el7_4.x86_64/jre/lib/endorsed"/>
    <property name="java.runtime.name" value="OpenJDK Runtime Environment"/>
    <property name="file.encoding" value="UTF-8"/>
    <property name="java.vm.name" value="OpenJDK 64-Bit Server VM"/>
    <property name="localRepository" value="/nfs/stak/users/merrills/.m2/repository"/>
    <property name="java.vendor.url.bug" value="http://bugreport.sun.com/bugreport/"/>
    <property name="java.io.tmpdir" value="/tmp"/>
    <property name="java.version" value="1.8.0_161"/>
    <property name="user.dir" value="/nfs/stak/users/merrills/CS362-001-W2018/projects/merrills/assignment-5/clarkj3/Calendar"/>
    <property name="os.arch" value="amd64"/>
    <property name="java.vm.specification.name" value="Java Virtual Machine Specification"/>
    <property name="java.awt.printerjob" value="sun.print.PSPrinterJob"/>
    <property name="sun.os.patch.level" value="unknown"/>
    <property name="java.library.path" value="/usr/java/packages/lib/amd64:/usr/lib64:/lib64:/lib:/usr/lib"/>
    <property name="java.vm.info" value="mixed mode"/>
    <property name="java.vendor" value="Oracle Corporation"/>
    <property name="java.vm.version" value="25.161-b14"/>
    <property name="java.ext.dirs" value="/usr/lib/jvm/java-1.8.0-openjdk-1.8.0.161-0.b14.el7_4.x86_64/jre/lib/ext:/usr/java/packages/lib/ext"/>
    <property name="sun.io.unicode.encoding" value="UnicodeLittle"/>
    <property name="java.class.version" value="52.0"/>
  </properties>
  <testcase name="test01" classname="calendar.ApptTest" time="0"/>
  <testcase name="test02" classname="calendar.ApptTest" time="0"/>
  <testcase name="test03" classname="calendar.ApptTest" time="0.001">
    <error message="12" type="java.lang.ArrayIndexOutOfBoundsException">java.lang.ArrayIndexOutOfBoundsException: 12
	at calendar.ApptTest.test03(ApptTest.java:204)
</error>
  </testcase>
  <testcase name="test04" classname="calendar.ApptTest" time="0"/>
  <testcase name="test05" classname="calendar.ApptTest" time="0"/>
  <testcase name="test06" classname="calendar.ApptTest" time="0"/>
</testsuite>